Failed to save image
https://s1.mbcdnv1.xyz/file/img-mbuddy/manga/honey-im-going-on-a-strike/chapter-1/74084e8435fe_2.jpg
('Connection aborted.', RemoteDisconnected('Remote end closed connection without response'))
--------------------------------------------------------------------------------
Failed to save image
https://s1.mbcdnv1.xyz/file/img-mbuddy/manga/the-story-between-a-dumb-prefect-and-a-high-school-girl-with-an-inappropriate-skirt-length/chapter-1/5.jpg
('Connection aborted.', RemoteDisconnected('Remote end closed connection without response'))
--------------------------------------------------------------------------------
Failed to save image
https://s1.mbcdnv1.xyz/file/img-mbuddy/manga/the-magic-chef-of-ice-and-fire-new/chapter-1/fc764188c561_5.jpg
('Connection aborted.', RemoteDisconnected('Remote end closed connection without response'))
--------------------------------------------------------------------------------
Failed to save image
https://s1.mbcdnv1.xyz/file/img-mbuddy/manga/rebirth-of-the-earth-immortal-venerable/chapter-0/5.jpg
('Connection aborted.', RemoteDisconnected('Remote end closed connection without response'))
--------------------------------------------------------------------------------
Failed to save image
https://s1.mbcdnv1.xyz/file/img-mbuddy/manga/dont-trust-the-female-lead/chapter-1/d28f59ea28f1_8.jpg
('Connection aborted.', RemoteDisconnected('Remote end closed connection without response'))
--------------------------------------------------------------------------------
Failed to save image
https://s1.mbcdnv1.xyz/file/img-mbuddy/manga/the-story-between-a-dumb-prefect-and-a-high-school-girl-with-an-inappropriate-skirt-length/chapter-2/9.jpg
('Connection aborted.', RemoteDisconnected('Remote end closed connection without response'))
--------------------------------------------------------------------------------
Failed to save image
https://s1.mbcdnv1.xyz/file/img-mbuddy/manga/zeikin-de-katta-hon/chapter-1/0afe5dfada77dd8f3279c99602602270.jpg
('Connection aborted.', RemoteDisconnected('Remote end closed connection without response'))
--------------------------------------------------------------------------------
Failed to save image
https://s1.mbcdnv1.xyz/file/img-mbuddy/manga/the-story-between-a-dumb-prefect-and-a-high-school-girl-with-an-inappropriate-skirt-length/chapter-3/1.jpg
('Connection aborted.', RemoteDisconnected('Remote end closed connection without response'))
--------------------------------------------------------------------------------
Failed to save image
https://s1.mbcdnv1.xyz/file/img-mbuddy/manga/it-was-all-you/chap-0/17b21732751d_32.jpg
('Connection aborted.', RemoteDisconnected('Remote end closed connection without response'))
--------------------------------------------------------------------------------
Failed to save image
https://s1.mbcdnv1.xyz/file/img-mbuddy/manga/the-story-between-a-dumb-prefect-and-a-high-school-girl-with-an-inappropriate-skirt-length/chapter-4/11.jpg
('Connection aborted.', RemoteDisconnected('Remote end closed connection without response'))
--------------------------------------------------------------------------------
Failed to save image
https://s1.mbcdnv1.xyz/file/img-mbuddy/manga/the-story-between-a-dumb-prefect-and-a-high-school-girl-with-an-inappropriate-skirt-length/chapter-5-the-story-of-the-dumb-prefect-and-the-book-committee-member/2.jpg
('Connection aborted.', RemoteDisconnected('Remote end closed connection without response'))
--------------------------------------------------------------------------------
Failed to save image
https://s1.mbcdnv1.xyz/file/img-mbuddy/manga/the-story-between-a-dumb-prefect-and-a-high-school-girl-with-an-inappropriate-skirt-length/chapter-6-the-story-of-the-dumb-prefect-and-what-happened-at-lunch-break/2.jpg
('Connection aborted.', RemoteDisconnected('Remote end closed connection without response'))
--------------------------------------------------------------------------------
Failed to save image
https://s1.mbcdnv1.xyz/file/img-mbuddy/manga/to-tame-a-fire/chapter-1/458db8006ecb68c5f44a4ffea87b6199.jpg
('Connection aborted.', RemoteDisconnected('Remote end closed connection without response'))
--------------------------------------------------------------------------------
